#
# There is insufficient memory for the Java Runtime Environment to continue.
# Native memory allocation (mmap) failed to map 134217728 bytes for G1 virtual space
# Possible reasons:
#   The system is out of physical RAM or swap space
#   The process is running with CompressedOops enabled, and the Java Heap may be blocking the growth of the native heap
# Possible solutions:
#   Reduce memory load on the system
#   Increase physical memory or swap space
#   Check if swap backing store is full
#   Decrease Java heap size (-Xmx/-Xms)
#   Decrease number of Java threads
#   Decrease Java thread stack sizes (-Xss)
#   Set larger code cache with -XX:ReservedCodeCacheSize=
#   JVM is running with Unscaled Compressed Oops mode in which the Java heap is
#     placed in the first 4GB address space. The Java Heap base address is the
#     maximum limit for the native heap growth. Please use -XX:HeapBaseMinAddress
#     to set the Java Heap base and to place the Java Heap above 4GB virtual address.
# This output file may be truncated or incomplete.
#
#  Out of Memory Error (os_windows.cpp:3535), pid=5036, tid=15340
#
# JRE version:  (17.0.3+7) (build )
# Java VM: OpenJDK 64-Bit Server VM (17.0.3+7, mixed mode, emulated-client, sharing, tiered, compressed oops, compressed class ptrs, g1 gc, windows-amd64)
# No core dump will be written. Minidumps are not enabled by default on client versions of Windows
#

---------------  S U M M A R Y ------------

Command Line: -Dcom.sun.management.jmxremote -Dcom.sun.management.jmxremote.port=50560 -Dcom.sun.management.jmxremote.authenticate=false -Dcom.sun.management.jmxremote.ssl=false -Djava.rmi.server.hostname=localhost -Dspring.jmx.enabled=true -Dspring.application.admin.enabled=true -XX:TieredStopAtLevel=1 -Dspring.boot.project.name=CreditCardTransaction -Dfile.encoding=UTF-8 -XX:+ShowCodeDetailsInExceptionMessages -agentpath:C:\Program Files\Palo Alto Networks\Traps\cyjagent.dll com.creditcard.CreditCardTransactionApplication --spring.output.ansi.enabled=always

Host: Intel(R) Xeon(R) Platinum 8272CL CPU @ 2.60GHz, 2 cores, 7G,  Windows 10 , 64 bit Build 19041 (10.0.19041.1889)
Time: Thu Sep  1 10:58:20 2022 Coordinated Universal Time elapsed time: 0.221146 seconds (0d 0h 0m 0s)

---------------  T H R E A D  ---------------

Current thread (0x000001cdcfd01860):  JavaThread "Unknown thread" [_thread_in_vm, id=15340, stack(0x0000005e8b700000,0x0000005e8b800000)]

Stack: [0x0000005e8b700000,0x0000005e8b800000]
Native frames: (J=compiled Java code, j=interpreted, Vv=VM code, C=native code)
V  [jvm.dll+0x675efa]
V  [jvm.dll+0x830a24]
V  [jvm.dll+0x8321ce]
V  [jvm.dll+0x832833]
V  [jvm.dll+0x2454b5]
V  [jvm.dll+0x672de9]
V  [jvm.dll+0x667732]
V  [jvm.dll+0x3043ab]
V  [jvm.dll+0x30b8f6]
V  [jvm.dll+0x35b62e]
V  [jvm.dll+0x35b85f]
V  [jvm.dll+0x2db248]
V  [jvm.dll+0x2dc1b4]
V  [jvm.dll+0x802651]
V  [jvm.dll+0x3693b1]
V  [jvm.dll+0x7e1aac]
V  [jvm.dll+0x3ebd8f]
V  [jvm.dll+0x3ed911]
C  [cyvrtrap.dll+0xde63]
C  [jli.dll+0x5277]
C  [ucrtbase.dll+0x21bb2]
C  [cyinjct.dll+0x11e7]
C  [KERNEL32.DLL+0x17034]
C  [ntdll.dll+0x52651]


---------------  P R O C E S S  ---------------

Threads class SMR info:
_java_thread_list=0x00007ffe75346e98, length=0, elements={
}

Java Threads: ( => current thread )

Other Threads:
  0x000001cdcfd5cf10 GCTaskThread "GC Thread#0" [stack: 0x0000005e8b800000,0x0000005e8b900000] [id=6872]
  0x000001cdcfd6dd60 ConcurrentGCThread "G1 Main Marker" [stack: 0x0000005e8b900000,0x0000005e8ba00000] [id=13880]
  0x000001cdcfd6f1f0 ConcurrentGCThread "G1 Conc#0" [stack: 0x0000005e8ba00000,0x0000005e8bb00000] [id=10460]

[error occurred during error reporting (printing all threads), id 0xc0000005, EXCEPTION_ACCESS_VIOLATION (0xc0000005) at pc=0x00007ffe74b1bcd7]

VM state: not at safepoint (not fully initialized)

VM Mutex/Monitor currently owned by a thread:  ([mutex/lock_event])
[0x000001cdcfcfc190] Heap_lock - owner thread: 0x000001cdcfd01860

Heap address: 0x0000000080000000, size: 2048 MB, Compressed Oops mode: 32-bit

CDS archive(s) mapped at: [0x0000000000000000-0x0000000000000000-0x0000000000000000), size 0, SharedBaseAddress: 0x0000000800000000, ArchiveRelocationMode: 0.
Narrow klass base: 0x0000000000000000, Narrow klass shift: 0, Narrow klass range: 0x0

GC Precious Log:
<Empty>

Heap:
 garbage-first heap   total 0K, used 0K [0x0000000080000000, 0x0000000100000000)
  region size 1024K, 0 young (0K), 0 survivors (0K)

[error occurred during error reporting (printing heap information), id 0xc0000005, EXCEPTION_ACCESS_VIOLATION (0xc0000005) at pc=0x00007ffe74eff249]

GC Heap History (0 events):
No events

Deoptimization events (0 events):
No events

Classes unloaded (0 events):
No events

Classes redefined (0 events):
No events

Internal exceptions (0 events):
No events

VM Operations (0 events):
No events

Events (1 events):
Event: 0.077 Loaded shared library C:\Program Files\spring\sts-4.15.1.RELEASE\plugins\org.eclipse.justj.openjdk.hotspot.jre.full.win32.x86_64_17.0.3.v20220515-1416\jre\bin\java.dll


Dynamic libraries:
0x00007ff78c570000 - 0x00007ff78c57e000 	C:\Program Files\spring\sts-4.15.1.RELEASE\plugins\org.eclipse.justj.openjdk.hotspot.jre.full.win32.x86_64_17.0.3.v20220515-1416\jre\bin\javaw.exe
0x00007ffedef90000 - 0x00007ffedf188000 	C:\WINDOWS\SYSTEM32\ntdll.dll
0x00007ffedecf0000 - 0x00007ffededad000 	C:\WINDOWS\System32\KERNEL32.DLL
0x00007ffedea20000 - 0x00007ffedecee000 	C:\WINDOWS\System32\KERNELBASE.dll
0x000000004f780000 - 0x000000004f7b9000 	C:\WINDOWS\System32\cyinjct.dll
0x00007ffede8a0000 - 0x00007ffede8ac000 	C:\WINDOWS\System32\ntnativeapi.dll
0x00007ffea14a0000 - 0x00007ffea14b8000 	C:\Program Files\spring\sts-4.15.1.RELEASE\plugins\org.eclipse.justj.openjdk.hotspot.jre.full.win32.x86_64_17.0.3.v20220515-1416\jre\bin\jli.dll
0x000001cdcf7d0000 - 0x000001cdcf970000 	C:\WINDOWS\System32\USER32.dll
0x00007ffedc8f0000 - 0x00007ffedc912000 	C:\WINDOWS\System32\win32u.dll
0x00007ffeddef0000 - 0x00007ffeddf1a000 	C:\WINDOWS\System32\GDI32.dll
0x00007ffedc7e0000 - 0x00007ffedc8eb000 	C:\WINDOWS\System32\gdi32full.dll
0x00007ffedc920000 - 0x00007ffedc9bd000 	C:\WINDOWS\System32\msvcp_win.dll
0x000001cdcf970000 - 0x000001cdcfa70000 	C:\WINDOWS\System32\ucrtbase.dll
0x00007ffea1480000 - 0x00007ffea1499000 	C:\Program Files\spring\sts-4.15.1.RELEASE\plugins\org.eclipse.justj.openjdk.hotspot.jre.full.win32.x86_64_17.0.3.v20220515-1416\jre\bin\VCRUNTIME140.dll
0x00007ffeae0a0000 - 0x00007ffeae33a000 	C:\WINDOWS\WinSxS\amd64_microsoft.windows.common-controls_6595b64144ccf1df_6.0.19041.1110_none_60b5254171f9507e\COMCTL32.dll
0x00007ffede0a0000 - 0x00007ffede13e000 	C:\WINDOWS\System32\msvcrt.dll
0x00007ffede880000 - 0x00007ffede89e000 	C:\WINDOWS\System32\cyvera.dll
0x00007ffede810000 - 0x00007ffede878000 	C:\WINDOWS\System32\cyvrtrap.dll
0x00007ffede140000 - 0x00007ffede170000 	C:\WINDOWS\System32\IMM32.DLL
0x00007ffed8010000 - 0x00007ffed801c000 	C:\Program Files\spring\sts-4.15.1.RELEASE\plugins\org.eclipse.justj.openjdk.hotspot.jre.full.win32.x86_64_17.0.3.v20220515-1416\jre\bin\vcruntime140_1.dll
0x00007ffe86160000 - 0x00007ffe861f1000 	C:\Program Files\spring\sts-4.15.1.RELEASE\plugins\org.eclipse.justj.openjdk.hotspot.jre.full.win32.x86_64_17.0.3.v20220515-1416\jre\bin\msvcp140.dll
0x00007ffe74830000 - 0x00007ffe75478000 	C:\Program Files\spring\sts-4.15.1.RELEASE\plugins\org.eclipse.justj.openjdk.hotspot.jre.full.win32.x86_64_17.0.3.v20220515-1416\jre\bin\server\jvm.dll
0x00007ffeddf80000 - 0x00007ffede02e000 	C:\WINDOWS\System32\ADVAPI32.dll
0x00007ffedd780000 - 0x00007ffedd81c000 	C:\WINDOWS\System32\sechost.dll
0x00007ffede8f0000 - 0x00007ffedea15000 	C:\WINDOWS\System32\RPCRT4.dll
0x00007ffedd770000 - 0x00007ffedd778000 	C:\WINDOWS\System32\PSAPI.DLL
0x00007ffe77340000 - 0x00007ffe77349000 	C:\WINDOWS\SYSTEM32\WSOCK32.dll
0x00007ffede030000 - 0x00007ffede09b000 	C:\WINDOWS\System32\WS2_32.dll
0x00007ffebe160000 - 0x00007ffebe187000 	C:\WINDOWS\SYSTEM32\WINMM.dll
0x00007ffecf7d0000 - 0x00007ffecf7da000 	C:\WINDOWS\SYSTEM32\VERSION.dll
0x00007ffeda4b0000 - 0x00007ffeda4c2000 	C:\WINDOWS\SYSTEM32\kernel.appcore.dll
0x00007ffe77330000 - 0x00007ffe7733a000 	C:\Program Files\spring\sts-4.15.1.RELEASE\plugins\org.eclipse.justj.openjdk.hotspot.jre.full.win32.x86_64_17.0.3.v20220515-1416\jre\bin\jimage.dll
0x00007ffecceb0000 - 0x00007ffecd094000 	C:\WINDOWS\SYSTEM32\DBGHELP.DLL
0x00007ffecce50000 - 0x00007ffecce7c000 	C:\WINDOWS\SYSTEM32\dbgcore.DLL
0x00007ffedc750000 - 0x00007ffedc7d2000 	C:\WINDOWS\System32\bcryptPrimitives.dll
0x00007ffede7d0000 - 0x00007ffede807000 	C:\Program Files\Palo Alto Networks\Traps\cyjagent.dll
0x00007ffe77300000 - 0x00007ffe77325000 	C:\Program Files\spring\sts-4.15.1.RELEASE\plugins\org.eclipse.justj.openjdk.hotspot.jre.full.win32.x86_64_17.0.3.v20220515-1416\jre\bin\java.dll

dbghelp: loaded successfully - version: 4.0.5 - missing functions: none
symbol engine: initialized successfully - sym options: 0x614 - pdb path: .;C:\Program Files\spring\sts-4.15.1.RELEASE\plugins\org.eclipse.justj.openjdk.hotspot.jre.full.win32.x86_64_17.0.3.v20220515-1416\jre\bin;C:\WINDOWS\SYSTEM32;C:\WINDOWS\WinSxS\amd64_microsoft.windows.common-controls_6595b64144ccf1df_6.0.19041.1110_none_60b5254171f9507e;C:\Program Files\spring\sts-4.15.1.RELEASE\plugins\org.eclipse.justj.openjdk.hotspot.jre.full.win32.x86_64_17.0.3.v20220515-1416\jre\bin\server;C:\Program Files\Palo Alto Networks\Traps

VM Arguments:
jvm_args: -Dcom.sun.management.jmxremote -Dcom.sun.management.jmxremote.port=50560 -Dcom.sun.management.jmxremote.authenticate=false -Dcom.sun.management.jmxremote.ssl=false -Djava.rmi.server.hostname=localhost -Dspring.jmx.enabled=true -Dspring.application.admin.enabled=true -XX:TieredStopAtLevel=1 -Dspring.boot.project.name=CreditCardTransaction -Dfile.encoding=UTF-8 -XX:+ShowCodeDetailsInExceptionMessages -agentpath:C:\Program Files\Palo Alto Networks\Traps\cyjagent.dll 
java_command: com.creditcard.CreditCardTransactionApplication --spring.output.ansi.enabled=always
java_class_path (initial): C:\Users\VigneshwaranP\Documents\workspace-spring-tool-suite-4-4.15.1.RELEASE\CreditCardTransaction\target\classes;C:\Users\VigneshwaranP\.m2\repository\org\apache\commons\commons-lang3\3.8.1\commons-lang3-3.8.1.jar;C:\Users\VigneshwaranP\.m2\repository\org\springframework\boot\spring-boot-starter-data-jpa\2.7.3\spring-boot-starter-data-jpa-2.7.3.jar;C:\Users\VigneshwaranP\.m2\repository\org\springframework\boot\spring-boot-starter-aop\2.7.3\spring-boot-starter-aop-2.7.3.jar;C:\Users\VigneshwaranP\.m2\repository\org\springframework\spring-aop\5.3.22\spring-aop-5.3.22.jar;C:\Users\VigneshwaranP\.m2\repository\org\aspectj\aspectjweaver\1.9.7\aspectjweaver-1.9.7.jar;C:\Users\VigneshwaranP\.m2\repository\org\springframework\boot\spring-boot-starter-jdbc\2.7.3\spring-boot-starter-jdbc-2.7.3.jar;C:\Users\VigneshwaranP\.m2\repository\com\zaxxer\HikariCP\4.0.3\HikariCP-4.0.3.jar;C:\Users\VigneshwaranP\.m2\repository\org\springframework\spring-jdbc\5.3.22\spring-jdbc-5.3.22.jar;C:\Users\VigneshwaranP\.m2\repository\jakarta\transaction\jakarta.transaction-api\1.3.3\jakarta.transaction-api-1.3.3.jar;C:\Users\VigneshwaranP\.m2\repository\jakarta\persistence\jakarta.persistence-api\2.2.3\jakarta.persistence-api-2.2.3.jar;C:\Users\VigneshwaranP\.m2\repository\org\hibernate\hibernate-core\5.6.10.Final\hibernate-core-5.6.10.Final.jar;C:\Users\VigneshwaranP\.m2\repository\org\jboss\logging\jboss-logging\3.4.3.Final\jboss-logging-3.4.3.Final.jar;C:\Users\VigneshwaranP\.m2\repository\net\bytebuddy\byte-buddy\1.12.13\byte-buddy-1.12.13.jar;C:\Users\VigneshwaranP\.m2\repository\antlr\antlr\2.7.7\antlr-2.7.7.jar;C:\Users\VigneshwaranP\.m2\repository\org\jboss\jandex\2.4.2.Final\jandex-2.4.2.Final.jar;C:\Users\VigneshwaranP\.m2\repository\com\fasterxml\classmate\1.5.1\classmate-1.5.1.jar;C:\Users\VigneshwaranP\.m2\repository\org\hibernate\common\hibernate-commons-annotations\5.1.2.Final\hibernate-commons-annotations-5.1.2.Final.jar;C:\Users\VigneshwaranP\.m2\r
Launcher Type: SUN_STANDARD

[Global flags]
     intx CICompilerCount                          = 2                                         {product} {ergonomic}
     uint ConcGCThreads                            = 1                                         {product} {ergonomic}
     uint G1ConcRefinementThreads                  = 2                                         {product} {ergonomic}
   size_t G1HeapRegionSize                         = 1048576                                   {product} {ergonomic}
    uintx GCDrainStackTargetSize                   = 64                                        {product} {ergonomic}
   size_t InitialHeapSize                          = 134217728                                 {product} {ergonomic}
     bool ManagementServer                         = true                                      {product} {command line}
   size_t MarkStackSize                            = 4194304                                   {product} {ergonomic}
   size_t MaxHeapSize                              = 2147483648                                {product} {ergonomic}
   size_t MinHeapDeltaBytes                        = 1048576                                   {product} {ergonomic}
   size_t MinHeapSize                              = 8388608                                   {product} {ergonomic}
    uintx NonProfiledCodeHeapSize                  = 0                                      {pd product} {ergonomic}
     bool ProfileInterpreter                       = false                                  {pd product} {command line}
    uintx ProfiledCodeHeapSize                     = 0                                      {pd product} {ergonomic}
     bool ShowCodeDetailsInExceptionMessages       = true                                   {manageable} {command line}
   size_t SoftMaxHeapSize                          = 2147483648                             {manageable} {ergonomic}
     intx TieredStopAtLevel                        = 1                                         {product} {command line}
     bool UseCompressedClassPointers               = true                           {product lp64_product} {ergonomic}
     bool UseCompressedOops                        = true                           {product lp64_product} {ergonomic}
     bool UseG1GC                                  = true                                      {product} {ergonomic}
     bool UseLargePagesIndividualAllocation        = false                                  {pd product} {ergonomic}

Logging:
Log output configuration:
 #0: stdout all=warning uptime,level,tags
 #1: stderr all=off uptime,level,tags

Environment Variables:
JAVA_HOME=C:\Program Files\Java\jdk-11.0.16
PATH=C:/Program Files/spring/sts-4.15.1.RELEASE//plugins/org.eclipse.justj.openjdk.hotspot.jre.full.win32.x86_64_17.0.3.v20220515-1416/jre/bin/server;C:/Program Files/spring/sts-4.15.1.RELEASE//plugins/org.eclipse.justj.openjdk.hotspot.jre.full.win32.x86_64_17.0.3.v20220515-1416/jre/bin;C:\Program Files\Common Files\Oracle\Java\javapath;C:\Program Files (x86)\Common Files\Oracle\Java\javapath;C:\WINDOWS\system32;C:\WINDOWS;C:\WINDOWS\System32\Wbem;C:\WINDOWS\System32\WindowsPowerShell\v1.0\;C:\WINDOWS\System32\OpenSSH\;C:\Program Files\Microsoft SQL Server\Client SDK\ODBC\170\Tools\Binn\;C:\Program Files (x86)\Microsoft SQL Server\150\Tools\Binn\;C:\Program Files\Microsoft SQL Server\150\Tools\Binn\;C:\Program Files\Microsoft SQL Server\150\DTS\Binn\;C:\Program Files (x86)\Microsoft SQL Server\150\DTS\Binn\;C:\Program Files\Azure Data Studio\bin;C:\Program Files\Git\cmd;C:\Program Files\nodejs\;C:\Users\VigneshwaranP\Documents\pnc\apache-maven-3.8.6\bin;C:\Users\VigneshwaranP\Documents\pnc\apache-maven-3.8.6;C:\Program Files\Java\jdk-11.0.16;C:\Users\VigneshwaranP\Documents\DroolsDemo\apache-tomcat-9.0.65;C:\Program Files\MySQL\MySQL Shell 8.0\bin\;C:\Users\VigneshwaranP\AppData\Local\Microsoft\WindowsApps;C:\Program Files\Azure Data Studio\bin;C:\Users\VigneshwaranP\AppData\Local\Programs\Microsoft VS Code\bin;C:\Users\VigneshwaranP\AppData\Roaming\npm;C:\Program Files\Java\jdk-11.0.16;C:\Users\VigneshwaranP\Documents\pnc\apache-maven-3.8.6\bin;C:\Users\VigneshwaranP\Documents\pnc\apache-maven-3.8.6;C:\Users\VigneshwaranP\Documents\DroolsDemo\apache-tomcat-9.0.65;;C:\Program Files\spring\sts-4.15.1.RELEASE;
USERNAME=VigneshwaranP
OS=Windows_NT
PROCESSOR_IDENTIFIER=Intel64 Family 6 Model 85 Stepping 7, GenuineIntel



---------------  S Y S T E M  ---------------

OS:
 Windows 10 , 64 bit Build 19041 (10.0.19041.1889)
OS uptime: 0 days 8:35 hours
Hyper-V virtualization detected

CPU: total 2 (initial active 2) (1 cores per cpu, 2 threads per core) family 6 model 85 stepping 7 microcode 0xffffffff, cx8, cmov, fxsr, ht, mmx, 3dnowpref, sse, sse2, sse3, ssse3, sse4.1, sse4.2, popcnt, lzcnt, tsc, avx, avx2, aes, erms, clmul, bmi1, bmi2, rtm, adx, avx512f, avx512dq, avx512cd, avx512bw, avx512vl, fma, vzeroupper, clflush, clflushopt, hv

Memory: 4k page, system-wide physical 8191M (1127M free)
TotalPageFile size 10239M (AvailPageFile size 603M)
current process WorkingSet (physical memory assigned to process): 11M, peak: 11M
current process commit charge ("private bytes"): 45M, peak: 173M

vm_info: OpenJDK 64-Bit Server VM (17.0.3+7) for windows-amd64 JRE (17.0.3+7), built on Apr 19 2022 16:55:35 by "" with MS VC++ 16.7 (VS2019)

END.
